22-11:06:50 01  INFO uk.ac.ed.inf.ace.Ace Starting
22-11:06:50 01  FINE javax.xml.bind Searching jaxb.properties
22-11:06:50 01  FINE javax.xml.bind Searching the system property
22-11:06:50 01  FINE javax.xml.bind Unable to find from OSGi: javax.xml.bind.JAXBContext
22-11:06:50 01  FINE javax.xml.bind Searching META-INF/services
22-11:06:50 01  FINE javax.xml.bind Unable to load:META-INF/services/javax.xml.bind.JAXBContext
22-11:06:50 01  FINE javax.xml.bind Trying to create the platform default provider
22-11:06:50 01  FINE javax.xml.bind Trying to load com.sun.xml.internal.bind.v2.ContextFactory
22-11:06:50 01  FINE com.sun.xml.internal.bind.v2.ContextFactory Property com.sun.xml.internal.bind.XmlAccessorFactoryis not active.  Using JAXBs implementation
22-11:06:50 01  FINE com.sun.xml.internal.bind.v2.runtime.reflect.opt.OptimizedAccessorFactory Using optimized Accessor for protected java.lang.String uk.ac.ed.inf.ace.config.v1.Named.name
22-11:06:50 01  FINE com.sun.xml.internal.bind.v2.runtime.reflect.opt.OptimizedAccessorFactory Using optimized Accessor for protected java.lang.Boolean uk.ac.ed.inf.ace.config.v1.Enableable.enabled
22-11:06:50 01  FINE com.sun.xml.internal.bind.v2.runtime.reflect.opt.OptimizedAccessorFactory Using optimized Accessor for protected java.lang.String uk.ac.ed.inf.ace.config.v1.Typeable.type
22-11:06:50 01  FINE com.sun.xml.internal.bind.v2.runtime.reflect.opt.OptimizedAccessorFactory Using optimized Accessor for protected java.lang.String uk.ac.ed.inf.ace.config.v1.DocTypeBase.labelPropertyKey
22-11:06:50 01  FINE com.sun.xml.internal.bind.v2.runtime.reflect.opt.OptimizedTransducedAccessorFactory Using optimized TransducedAccessor for uk.ac.ed.inf.setmac.config.v1.Flagged#includeAnswers
22-11:06:50 01  FINE com.sun.xml.internal.bind.v2.runtime.reflect.opt.OptimizedTransducedAccessorFactory Using optimized TransducedAccessor for uk.ac.ed.inf.setmac.config.v1.Flagged#includeQuestionComments
22-11:06:50 01  FINE com.sun.xml.internal.bind.v2.runtime.reflect.opt.OptimizedTransducedAccessorFactory Using optimized TransducedAccessor for uk.ac.ed.inf.setmac.config.v1.Flagged#includeAnswerComments
22-11:06:50 01  FINE com.sun.xml.internal.bind.v2.runtime.reflect.opt.OptimizedTransducedAccessorFactory Using optimized TransducedAccessor for uk.ac.ed.inf.ace.config.v1.Environment#randomSeed
22-11:06:50 01  FINE com.sun.xml.internal.bind.v2.runtime.reflect.opt.OptimizedAccessorFactory Using optimized Accessor for protected java.math.BigDecimal uk.ac.ed.inf.ace.config.v1.Environment.holdOutProportion
22-11:06:50 01  FINE com.sun.xml.internal.bind.v2.runtime.reflect.opt.OptimizedAccessorFactory Using optimized Accessor for protected java.lang.String uk.ac.ed.inf.ace.config.v1.Environment.database
22-11:06:50 01  FINE com.sun.xml.internal.bind.v2.runtime.reflect.opt.OptimizedAccessorFactory Using optimized Accessor for protected java.lang.String uk.ac.ed.inf.ace.config.v1.Environment.outputPath
22-11:06:50 01  FINE com.sun.xml.internal.bind.v2.runtime.reflect.opt.OptimizedTransducedAccessorFactory Using optimized TransducedAccessor for uk.ac.ed.inf.ace.config.v1.Environment#threadPoolSize
22-11:06:50 01  FINE com.sun.xml.internal.bind.v2.runtime.reflect.opt.OptimizedTransducedAccessorFactory Using optimized TransducedAccessor for uk.ac.ed.inf.ace.config.v1.Environment#crossValidationFolds
22-11:06:50 01  FINE com.sun.xml.internal.bind.v2.runtime.reflect.opt.OptimizedAccessorFactory Using optimized Accessor for protected java.lang.String uk.ac.ed.inf.ace.config.v1.Environment.classificationDocType
22-11:06:50 01  FINE com.sun.xml.internal.bind.v2.runtime.reflect.opt.OptimizedAccessorFactory Using optimized Accessor for protected java.math.BigDecimal uk.ac.ed.inf.ace.config.v1.Environment.sampleProbability
22-11:06:50 01  FINE com.sun.xml.internal.bind.v2.runtime.reflect.opt.OptimizedTransducedAccessorFactory Using optimized TransducedAccessor for uk.ac.ed.inf.ace.config.v1.Environment#cacheCapacity
22-11:06:50 01  FINE com.sun.xml.internal.bind.v2.runtime.reflect.opt.OptimizedTransducedAccessorFactory Using optimized TransducedAccessor for uk.ac.ed.inf.ace.config.v1.Environment#cacheEvictAfterAccess
22-11:06:50 01  FINE com.sun.xml.internal.bind.v2.runtime.reflect.opt.OptimizedAccessorFactory Using optimized Accessor for protected uk.ac.ed.inf.ace.config.v1.Programme$DataSets uk.ac.ed.inf.ace.config.v1.Programme.dataSets
22-11:06:50 01  FINE com.sun.xml.internal.bind.v2.runtime.reflect.opt.OptimizedAccessorFactory Using optimized Accessor for protected java.util.List uk.ac.ed.inf.ace.config.v1.Programme$DataSets.dataSetBaseOrDataSetRef
22-11:06:50 01  FINE com.sun.xml.internal.bind.v2.runtime.reflect.opt.OptimizedAccessorFactory Using optimized Accessor for protected java.util.List uk.ac.ed.inf.setmac.config.v1.DataSet.siteOrSiteRef
22-11:06:50 01  FINE com.sun.xml.internal.bind.v2.runtime.reflect.opt.OptimizedAccessorFactory Using optimized Accessor for protected java.lang.String uk.ac.ed.inf.setmac.config.v1.Site.xmlPath
22-11:06:50 01  FINE com.sun.xml.internal.bind.v2.runtime.reflect.opt.OptimizedAccessorFactory Using optimized Accessor for protected java.math.BigDecimal uk.ac.ed.inf.setmac.config.v1.Site.sampleProbability
22-11:06:50 01  FINE com.sun.xml.internal.bind.v2.runtime.reflect.opt.OptimizedAccessorFactory Using optimized Accessor for protected uk.ac.ed.inf.ace.config.v1.Programme$DocTypes uk.ac.ed.inf.ace.config.v1.Programme.docTypes
22-11:06:50 01  FINE com.sun.xml.internal.bind.v2.runtime.reflect.opt.OptimizedAccessorFactory Using optimized Accessor for protected java.util.List uk.ac.ed.inf.ace.config.v1.Programme$DocTypes.docTypeBaseOrDocTypeRef
22-11:06:50 01  FINE com.sun.xml.internal.bind.v2.runtime.reflect.opt.OptimizedAccessorFactory Using optimized Accessor for protected uk.ac.ed.inf.ace.config.v1.Programme$Classifiers uk.ac.ed.inf.ace.config.v1.Programme.classifiers
22-11:06:50 01  FINE com.sun.xml.internal.bind.v2.runtime.reflect.opt.OptimizedAccessorFactory Using optimized Accessor for protected java.util.List uk.ac.ed.inf.ace.config.v1.Programme$Classifiers.classifierBaseOrClassifierRef
22-11:06:50 01  FINE com.sun.xml.internal.bind.v2.runtime.reflect.opt.OptimizedAccessorFactory Using optimized Accessor for protected java.lang.Integer uk.ac.ed.inf.setmac.config.v1.MalletClassifierBase.numTopics
22-11:06:50 01  FINE com.sun.xml.internal.bind.v2.runtime.reflect.opt.OptimizedAccessorFactory Using optimized Accessor for protected java.lang.Integer uk.ac.ed.inf.setmac.config.v1.MalletClassifierBase.showTopicsInterval
22-11:06:50 01  FINE com.sun.xml.internal.bind.v2.runtime.reflect.opt.OptimizedAccessorFactory Using optimized Accessor for protected java.lang.Integer uk.ac.ed.inf.setmac.config.v1.MalletClassifierBase.topWords
22-11:06:50 01  FINE com.sun.xml.internal.bind.v2.runtime.reflect.opt.OptimizedAccessorFactory Using optimized Accessor for protected java.lang.Integer uk.ac.ed.inf.setmac.config.v1.MalletClassifierBase.numIterations
22-11:06:50 01  FINE com.sun.xml.internal.bind.v2.runtime.reflect.opt.OptimizedAccessorFactory Using optimized Accessor for protected java.lang.Integer uk.ac.ed.inf.setmac.config.v1.MalletClassifierBase.optimizeInterval
22-11:06:50 01  FINE com.sun.xml.internal.bind.v2.runtime.reflect.opt.OptimizedAccessorFactory Using optimized Accessor for protected java.lang.Integer uk.ac.ed.inf.setmac.config.v1.MalletClassifierBase.optimizeBurnIn
22-11:06:50 01  FINE com.sun.xml.internal.bind.v2.runtime.reflect.opt.OptimizedAccessorFactory Using optimized Accessor for protected java.lang.String uk.ac.ed.inf.setmac.config.v1.MalletClassifierBase.classifierType
22-11:06:50 01  FINE com.sun.xml.internal.bind.v2.runtime.reflect.opt.OptimizedAccessorFactory Using optimized Accessor for protected java.math.BigDecimal uk.ac.ed.inf.setmac.config.v1.SimpleLda.alpha
22-11:06:50 01  FINE com.sun.xml.internal.bind.v2.runtime.reflect.opt.OptimizedAccessorFactory Using optimized Accessor for protected java.math.BigDecimal uk.ac.ed.inf.setmac.config.v1.SimpleLda.beta
22-11:06:50 01  FINE com.sun.xml.internal.bind.v2.runtime.reflect.opt.OptimizedAccessorFactory Using optimized Accessor for protected java.lang.Integer uk.ac.ed.inf.setmac.config.v1.SimpleLda.numInferencerIterations
22-11:06:50 01  FINE com.sun.xml.internal.bind.v2.runtime.reflect.opt.OptimizedAccessorFactory Using optimized Accessor for protected java.lang.Integer uk.ac.ed.inf.setmac.config.v1.SimpleLda.inferencerThinning
22-11:06:50 01  FINE com.sun.xml.internal.bind.v2.runtime.reflect.opt.OptimizedAccessorFactory Using optimized Accessor for protected java.lang.Integer uk.ac.ed.inf.setmac.config.v1.SimpleLda.inferencerBurnIn
22-11:06:50 01  FINE com.sun.xml.internal.bind.v2.runtime.reflect.opt.OptimizedAccessorFactory Using optimized Accessor for protected java.math.BigDecimal uk.ac.ed.inf.setmac.config.v1.LdaSvm.alpha
22-11:06:50 01  FINE com.sun.xml.internal.bind.v2.runtime.reflect.opt.OptimizedAccessorFactory Using optimized Accessor for protected java.math.BigDecimal uk.ac.ed.inf.setmac.config.v1.LdaSvm.beta
22-11:06:50 01  FINE com.sun.xml.internal.bind.v2.runtime.reflect.opt.OptimizedAccessorFactory Using optimized Accessor for protected java.lang.Boolean uk.ac.ed.inf.setmac.config.v1.LdaSvm.useSymmetricAlpha
22-11:06:50 01  FINE com.sun.xml.internal.bind.v2.runtime.reflect.opt.OptimizedAccessorFactory Using optimized Accessor for protected java.lang.Integer uk.ac.ed.inf.setmac.config.v1.LdaSvm.numThreads
22-11:06:50 01  FINE com.sun.xml.internal.bind.v2.runtime.reflect.opt.OptimizedAccessorFactory Using optimized Accessor for protected java.lang.Boolean uk.ac.ed.inf.setmac.config.v1.LdaSvm.printLogLikelihood
22-11:06:50 01  FINE com.sun.xml.internal.bind.v2.runtime.reflect.opt.OptimizedAccessorFactory Using optimized Accessor for protected java.lang.Integer uk.ac.ed.inf.setmac.config.v1.LdaSvm.numInferencerIterations
22-11:06:50 01  FINE com.sun.xml.internal.bind.v2.runtime.reflect.opt.OptimizedAccessorFactory Using optimized Accessor for protected java.lang.Integer uk.ac.ed.inf.setmac.config.v1.LdaSvm.inferencerThinning
22-11:06:50 01  FINE com.sun.xml.internal.bind.v2.runtime.reflect.opt.OptimizedAccessorFactory Using optimized Accessor for protected java.lang.Integer uk.ac.ed.inf.setmac.config.v1.LdaSvm.inferencerBurnIn
22-11:06:50 01  FINE com.sun.xml.internal.bind.v2.runtime.reflect.opt.OptimizedAccessorFactory Using optimized Accessor for protected java.lang.String uk.ac.ed.inf.setmac.config.v1.LdaSvm.svmType
22-11:06:50 01  FINE com.sun.xml.internal.bind.v2.runtime.reflect.opt.OptimizedAccessorFactory Using optimized Accessor for protected java.lang.String uk.ac.ed.inf.setmac.config.v1.LdaSvm.svmKernelType
22-11:06:50 01  FINE com.sun.xml.internal.bind.v2.runtime.reflect.opt.OptimizedAccessorFactory Using optimized Accessor for protected java.lang.Integer uk.ac.ed.inf.setmac.config.v1.LdaSvm.svmDegree
22-11:06:50 01  FINE com.sun.xml.internal.bind.v2.runtime.reflect.opt.OptimizedAccessorFactory Using optimized Accessor for protected java.math.BigDecimal uk.ac.ed.inf.setmac.config.v1.LdaSvm.svmGamma
22-11:06:50 01  FINE com.sun.xml.internal.bind.v2.runtime.reflect.opt.OptimizedAccessorFactory Using optimized Accessor for protected java.math.BigDecimal uk.ac.ed.inf.setmac.config.v1.LdaSvm.svmCoef0
22-11:06:50 01  FINE com.sun.xml.internal.bind.v2.runtime.reflect.opt.OptimizedAccessorFactory Using optimized Accessor for protected java.math.BigDecimal uk.ac.ed.inf.setmac.config.v1.LdaSvm.svmCost
22-11:06:50 01  FINE com.sun.xml.internal.bind.v2.runtime.reflect.opt.OptimizedAccessorFactory Using optimized Accessor for protected java.math.BigDecimal uk.ac.ed.inf.setmac.config.v1.LdaSvm.svmNu
22-11:06:50 01  FINE com.sun.xml.internal.bind.v2.runtime.reflect.opt.OptimizedAccessorFactory Using optimized Accessor for protected java.math.BigDecimal uk.ac.ed.inf.setmac.config.v1.LdaSvm.svmLossFunctionEpsilon
22-11:06:50 01  FINE com.sun.xml.internal.bind.v2.runtime.reflect.opt.OptimizedAccessorFactory Using optimized Accessor for protected java.lang.Integer uk.ac.ed.inf.setmac.config.v1.LdaSvm.svmCacheSize
22-11:06:50 01  FINE com.sun.xml.internal.bind.v2.runtime.reflect.opt.OptimizedAccessorFactory Using optimized Accessor for protected java.math.BigDecimal uk.ac.ed.inf.setmac.config.v1.LdaSvm.svmTerminationToleranceEpsilon
22-11:06:50 01  FINE com.sun.xml.internal.bind.v2.runtime.reflect.opt.OptimizedAccessorFactory Using optimized Accessor for protected java.lang.Boolean uk.ac.ed.inf.setmac.config.v1.LdaSvm.svmShrinking
22-11:06:50 01  FINE com.sun.xml.internal.bind.v2.runtime.reflect.opt.OptimizedAccessorFactory Using optimized Accessor for protected java.lang.Boolean uk.ac.ed.inf.setmac.config.v1.LdaSvm.svmProbabilityEstimates
22-11:06:50 01  FINE com.sun.xml.internal.bind.v2.runtime.reflect.opt.OptimizedAccessorFactory Using optimized Accessor for protected java.lang.Integer uk.ac.ed.inf.setmac.config.v1.Dmr.numSamples
22-11:06:50 01  FINE com.sun.xml.internal.bind.v2.runtime.reflect.opt.OptimizedAccessorFactory Using optimized Accessor for protected java.math.BigDecimal uk.ac.ed.inf.setmac.config.v1.Lda.alpha
22-11:06:50 01  FINE com.sun.xml.internal.bind.v2.runtime.reflect.opt.OptimizedAccessorFactory Using optimized Accessor for protected java.math.BigDecimal uk.ac.ed.inf.setmac.config.v1.Lda.beta
22-11:06:50 01  FINE com.sun.xml.internal.bind.v2.runtime.reflect.opt.OptimizedAccessorFactory Using optimized Accessor for protected java.lang.Boolean uk.ac.ed.inf.setmac.config.v1.Lda.useSymmetricAlpha
22-11:06:50 01  FINE com.sun.xml.internal.bind.v2.runtime.reflect.opt.OptimizedAccessorFactory Using optimized Accessor for protected java.lang.Integer uk.ac.ed.inf.setmac.config.v1.Lda.numThreads
22-11:06:50 01  FINE com.sun.xml.internal.bind.v2.runtime.reflect.opt.OptimizedAccessorFactory Using optimized Accessor for protected java.lang.Boolean uk.ac.ed.inf.setmac.config.v1.Lda.printLogLikelihood
22-11:06:50 01  FINE com.sun.xml.internal.bind.v2.runtime.reflect.opt.OptimizedAccessorFactory Using optimized Accessor for protected java.lang.Integer uk.ac.ed.inf.setmac.config.v1.Lda.numEstimatorParticles
22-11:06:50 01  FINE com.sun.xml.internal.bind.v2.runtime.reflect.opt.OptimizedAccessorFactory Using optimized Accessor for protected java.lang.Boolean uk.ac.ed.inf.setmac.config.v1.Lda.estimatorUsingResampling
22-11:06:50 01  FINE com.sun.xml.internal.bind.v2.runtime.reflect.opt.OptimizedAccessorFactory Using optimized Accessor for protected java.lang.Integer uk.ac.ed.inf.setmac.config.v1.Lda.numInferencerIterations
22-11:06:50 01  FINE com.sun.xml.internal.bind.v2.runtime.reflect.opt.OptimizedAccessorFactory Using optimized Accessor for protected java.lang.Integer uk.ac.ed.inf.setmac.config.v1.Lda.inferencerThinning
22-11:06:50 01  FINE com.sun.xml.internal.bind.v2.runtime.reflect.opt.OptimizedAccessorFactory Using optimized Accessor for protected java.lang.Integer uk.ac.ed.inf.setmac.config.v1.Lda.inferencerBurnIn
22-11:06:50 01  FINE com.sun.xml.internal.bind.v2.runtime.reflect.opt.OptimizedAccessorFactory Using optimized Accessor for protected java.lang.String uk.ac.ed.inf.setmac.config.v1.Lda.instanceModelDistanceType
22-11:06:50 01  FINE com.sun.xml.internal.bind.v2.runtime.reflect.opt.OptimizedAccessorFactory Using optimized Accessor for protected uk.ac.ed.inf.ace.config.v1.Programme$Tasks uk.ac.ed.inf.ace.config.v1.Programme.tasks
22-11:06:50 01  FINE com.sun.xml.internal.bind.v2.runtime.reflect.opt.OptimizedAccessorFactory Using optimized Accessor for protected java.util.List uk.ac.ed.inf.ace.config.v1.Programme$Tasks.taskBaseOrTaskRef
22-11:06:50 01  FINE com.sun.xml.internal.bind.v2.runtime.reflect.opt.OptimizedAccessorFactory Using optimized Accessor for protected java.lang.String uk.ac.ed.inf.ace.config.v1.TaskBase.labelPropertyKey
22-11:06:50 01  FINE com.sun.xml.internal.bind.v2.runtime.reflect.opt.OptimizedAccessorFactory Using optimized Accessor for protected java.lang.String uk.ac.ed.inf.ace.config.v1.BinaryTaskBase.trueLabel
22-11:06:50 01  FINE com.sun.xml.internal.bind.v2.runtime.reflect.opt.OptimizedAccessorFactory Using optimized Accessor for protected uk.ac.ed.inf.ace.config.v1.Programme$PreCacheProcessors uk.ac.ed.inf.ace.config.v1.Programme.preCacheProcessors
22-11:06:50 01  FINE com.sun.xml.internal.bind.v2.runtime.reflect.opt.OptimizedAccessorFactory Using optimized Accessor for protected java.util.List uk.ac.ed.inf.ace.config.v1.Programme$PreCacheProcessors.processorBaseOrProcessorRef
22-11:06:50 01  FINE com.sun.xml.internal.bind.v2.runtime.reflect.opt.OptimizedAccessorFactory Using optimized Accessor for protected java.lang.String uk.ac.ed.inf.ace.config.v1.ProcessorBase.code
22-11:06:50 01  FINE com.sun.xml.internal.bind.v2.runtime.reflect.opt.OptimizedAccessorFactory Using optimized Accessor for protected java.lang.String uk.ac.ed.inf.ace.config.v1.Tokenizer.pattern
22-11:06:50 01  FINE com.sun.xml.internal.bind.v2.runtime.reflect.opt.OptimizedAccessorFactory Using optimized Accessor for protected java.util.List uk.ac.ed.inf.ace.config.v1.FilterByLabel.rule
22-11:06:50 01  FINE com.sun.xml.internal.bind.v2.runtime.reflect.opt.OptimizedTransducedAccessorFactory Using optimized TransducedAccessor for uk.ac.ed.inf.ace.config.v1.FilterByLabel$Rule#label
22-11:06:50 01  FINE com.sun.xml.internal.bind.v2.runtime.reflect.opt.OptimizedAccessorFactory Using optimized Accessor for protected java.math.BigDecimal uk.ac.ed.inf.ace.config.v1.FilterByLabel$Rule.sampleProbability
22-11:06:50 01  FINE com.sun.xml.internal.bind.v2.runtime.reflect.opt.OptimizedAccessorFactory Using optimized Accessor for protected java.lang.String uk.ac.ed.inf.ace.config.v1.FilterByLabel.labelPropertyKey
22-11:06:50 01  FINE com.sun.xml.internal.bind.v2.runtime.reflect.opt.OptimizedAccessorFactory Using optimized Accessor for protected java.lang.String uk.ac.ed.inf.ace.config.v1.RemoveStopwords.pathname
22-11:06:50 01  FINE com.sun.xml.internal.bind.v2.runtime.reflect.opt.OptimizedAccessorFactory Using optimized Accessor for protected uk.ac.ed.inf.ace.config.v1.Programme$PostCacheProcessors uk.ac.ed.inf.ace.config.v1.Programme.postCacheProcessors
22-11:06:50 01  FINE com.sun.xml.internal.bind.v2.runtime.reflect.opt.OptimizedAccessorFactory Using optimized Accessor for protected java.util.List uk.ac.ed.inf.ace.config.v1.Programme$PostCacheProcessors.processorBaseOrProcessorRef
22-11:06:50 01  FINE com.sun.xml.internal.bind.v2.runtime.reflect.opt.OptimizedAccessorFactory Using optimized Accessor for protected java.lang.Long uk.ac.ed.inf.ace.config.v1.Programme.randomSeed
22-11:06:50 01  FINE com.sun.xml.internal.bind.v2.runtime.reflect.opt.OptimizedAccessorFactory Using optimized Accessor for protected java.lang.Integer uk.ac.ed.inf.ace.config.v1.Programme.crossValidationFolds
22-11:06:50 01  FINE com.sun.xml.internal.bind.v2.runtime.reflect.opt.OptimizedAccessorFactory Using optimized Accessor for protected java.lang.String uk.ac.ed.inf.ace.config.v1.SqliteDatabaseBase.pathname
22-11:06:50 01  FINE com.sun.xml.internal.bind.v2.runtime.reflect.opt.OptimizedAccessorFactory Using optimized Accessor for protected java.lang.Boolean uk.ac.ed.inf.ace.config.v1.SqliteDatabaseBase.readOnly
22-11:06:50 01  FINE com.sun.xml.internal.bind.v2.runtime.reflect.opt.OptimizedAccessorFactory Using optimized Accessor for protected java.lang.Integer uk.ac.ed.inf.ace.config.v1.SqliteDatabaseBase.cacheSize
22-11:06:50 01  FINE com.sun.xml.internal.bind.v2.runtime.reflect.opt.OptimizedAccessorFactory Using optimized Accessor for protected java.util.List uk.ac.ed.inf.ace.config.v1.Databases.databaseBase
22-11:06:50 01  FINE com.sun.xml.internal.bind.v2.runtime.reflect.opt.OptimizedAccessorFactory Using optimized Accessor for protected java.lang.String uk.ac.ed.inf.setmac.config.v1.SqliteDatabase.xmlPath
22-11:06:50 01  FINE com.sun.xml.internal.bind.v2.runtime.reflect.opt.OptimizedAccessorFactory Using optimized Accessor for protected java.util.List uk.ac.ed.inf.ace.config.v1.PostCacheProcessors.processorBase
22-11:06:50 01  FINE com.sun.xml.internal.bind.v2.runtime.reflect.opt.OptimizedAccessorFactory Using optimized Accessor for protected java.util.List uk.ac.ed.inf.ace.config.v1.PreCacheProcessors.processorBase
22-11:06:50 01  FINE com.sun.xml.internal.bind.v2.runtime.reflect.opt.OptimizedAccessorFactory Using optimized Accessor for protected java.util.List uk.ac.ed.inf.ace.config.v1.Programmes.programme
22-11:06:50 01  FINE com.sun.xml.internal.bind.v2.runtime.reflect.opt.OptimizedAccessorFactory Using optimized Accessor for protected java.util.List uk.ac.ed.inf.ace.config.v1.Classifiers.classifierBase
22-11:06:50 01  FINE com.sun.xml.internal.bind.v2.runtime.reflect.opt.OptimizedAccessorFactory Using optimized Accessor for protected java.util.List uk.ac.ed.inf.ace.config.v1.DocTypes.docTypeBase
22-11:06:50 01  FINE com.sun.xml.internal.bind.v2.runtime.reflect.opt.OptimizedAccessorFactory Using optimized Accessor for protected java.util.List uk.ac.ed.inf.ace.config.v1.DataSets.dataSetBase
22-11:06:50 01  FINE com.sun.xml.internal.bind.v2.runtime.reflect.opt.OptimizedAccessorFactory Using optimized Accessor for protected java.util.List uk.ac.ed.inf.ace.config.v1.Environments.environment
22-11:06:50 01  FINE com.sun.xml.internal.bind.v2.runtime.reflect.opt.OptimizedAccessorFactory Using optimized Accessor for protected java.util.List uk.ac.ed.inf.ace.config.v1.Tasks.taskBase
22-11:06:50 01  FINE com.sun.xml.internal.bind.v2.runtime.reflect.opt.OptimizedAccessorFactory Using optimized Accessor for protected uk.ac.ed.inf.ace.config.v1.Databases uk.ac.ed.inf.ace.config.v1.EngineBase.databases
22-11:06:50 01  FINE com.sun.xml.internal.bind.v2.runtime.reflect.opt.OptimizedAccessorFactory Using optimized Accessor for protected uk.ac.ed.inf.ace.config.v1.Environments uk.ac.ed.inf.ace.config.v1.EngineBase.environments
22-11:06:50 01  FINE com.sun.xml.internal.bind.v2.runtime.reflect.opt.OptimizedAccessorFactory Using optimized Accessor for protected uk.ac.ed.inf.ace.config.v1.DataSets uk.ac.ed.inf.ace.config.v1.EngineBase.dataSets
22-11:06:50 01  FINE com.sun.xml.internal.bind.v2.runtime.reflect.opt.OptimizedAccessorFactory Using optimized Accessor for protected uk.ac.ed.inf.ace.config.v1.DocTypes uk.ac.ed.inf.ace.config.v1.EngineBase.docTypes
22-11:06:50 01  FINE com.sun.xml.internal.bind.v2.runtime.reflect.opt.OptimizedAccessorFactory Using optimized Accessor for protected uk.ac.ed.inf.ace.config.v1.Classifiers uk.ac.ed.inf.ace.config.v1.EngineBase.classifiers
22-11:06:50 01  FINE com.sun.xml.internal.bind.v2.runtime.reflect.opt.OptimizedAccessorFactory Using optimized Accessor for protected uk.ac.ed.inf.ace.config.v1.Tasks uk.ac.ed.inf.ace.config.v1.EngineBase.tasks
22-11:06:50 01  FINE com.sun.xml.internal.bind.v2.runtime.reflect.opt.OptimizedAccessorFactory Using optimized Accessor for protected uk.ac.ed.inf.ace.config.v1.PreCacheProcessors uk.ac.ed.inf.ace.config.v1.EngineBase.preCacheProcessors
22-11:06:50 01  FINE com.sun.xml.internal.bind.v2.runtime.reflect.opt.OptimizedAccessorFactory Using optimized Accessor for protected uk.ac.ed.inf.ace.config.v1.PostCacheProcessors uk.ac.ed.inf.ace.config.v1.EngineBase.postCacheProcessors
22-11:06:50 01  FINE com.sun.xml.internal.bind.v2.runtime.reflect.opt.OptimizedAccessorFactory Using optimized Accessor for protected uk.ac.ed.inf.ace.config.v1.Programmes uk.ac.ed.inf.ace.config.v1.EngineBase.programmes
22-11:06:50 01  FINE com.sun.xml.internal.bind.v2.runtime.reflect.opt.OptimizedAccessorFactory Using optimized Accessor for protected java.util.List uk.ac.ed.inf.setmac.config.v1.Engine$Sites.site
22-11:06:50 01  FINE com.sun.xml.internal.bind.v2.runtime.reflect.opt.OptimizedAccessorFactory Using optimized Accessor for protected uk.ac.ed.inf.setmac.config.v1.Engine$Sites uk.ac.ed.inf.setmac.config.v1.Engine.sites
22-11:06:51 01  INFO uk.ac.ed.inf.ace.Environment Accessing database Standard
22-11:06:51 13  INFO uk.ac.ed.inf.ace.databases.SqliteDatabase Opening database
22-11:06:51 13  INFO uk.ac.ed.inf.ace.databases.SqliteDatabase Closing database
22-11:06:51 15  INFO uk.ac.ed.inf.ace.Experiment Starting experiment FixedLDA-Programmers-QuestionOnly-LDA-LTR-MD-OffTopic-F0
22-11:06:51 18  INFO uk.ac.ed.inf.ace.Experiment Starting experiment FixedLDA-Programmers-QuestionOnly-LDA-LTR-MD-TooLocalized-F0
22-11:06:51 17  INFO uk.ac.ed.inf.ace.Experiment Starting experiment FixedLDA-Programmers-QuestionOnly-LDA-LTR-MD-NotARealQuestion-F0
22-11:06:51 19  INFO uk.ac.ed.inf.ace.Experiment Starting experiment FixedLDA-Programmers-QuestionOnly-LDA-LTR-MD-MultiClass-F0
22-11:06:51 24  INFO uk.ac.ed.inf.ace.Experiment Starting experiment FixedLDA-Programmers-QuestionOnly-LDA-LTR-MD-MultiClass-F1
22-11:06:51 16  INFO uk.ac.ed.inf.ace.Experiment Starting experiment FixedLDA-Programmers-QuestionOnly-LDA-LTR-MD-NotConstructive-F0
22-11:06:51 22  INFO uk.ac.ed.inf.ace.Experiment Starting experiment FixedLDA-Programmers-QuestionOnly-LDA-LTR-MD-NotARealQuestion-F1
22-11:06:51 23  INFO uk.ac.ed.inf.ace.Experiment Starting experiment FixedLDA-Programmers-QuestionOnly-LDA-LTR-MD-TooLocalized-F1
22-11:06:51 20  INFO uk.ac.ed.inf.ace.Experiment Starting experiment FixedLDA-Programmers-QuestionOnly-LDA-LTR-MD-OffTopic-F1
22-11:06:51 21  INFO uk.ac.ed.inf.ace.Experiment Starting experiment FixedLDA-Programmers-QuestionOnly-LDA-LTR-MD-NotConstructive-F1
22-11:06:52 19  INFO uk.ac.ed.inf.ace.databases.SqliteDatabase Opening database
22-11:06:52 24  INFO uk.ac.ed.inf.ace.databases.SqliteDatabase Opening database
22-11:06:52 22  INFO uk.ac.ed.inf.ace.databases.SqliteDatabase Opening database
22-11:06:52 20  INFO uk.ac.ed.inf.ace.databases.SqliteDatabase Opening database
22-11:06:52 23  INFO uk.ac.ed.inf.ace.databases.SqliteDatabase Opening database
22-11:06:52 17  INFO uk.ac.ed.inf.ace.databases.SqliteDatabase Opening database
22-11:06:52 16  INFO uk.ac.ed.inf.ace.databases.SqliteDatabase Opening database
22-11:06:52 15  INFO uk.ac.ed.inf.ace.databases.SqliteDatabase Opening database
22-11:06:52 18  INFO uk.ac.ed.inf.ace.databases.SqliteDatabase Opening database
22-11:06:52 21  INFO uk.ac.ed.inf.ace.databases.SqliteDatabase Opening database
22-11:07:12 16  INFO uk.ac.ed.inf.ace.utils.InstrumentedCache SiteBasedDataSet stats (C-H-M-E-S-F): 10,000 - 9,996 - 11 - 0 - 2 - 0
22-11:07:15 17  INFO uk.ac.ed.inf.ace.utils.InstrumentedCache Documents stats (C-H-M-E-S-F): 10,000 - 955 - 9,040 - 0 - 1,238 - 0
22-11:07:15 19  INFO uk.ac.ed.inf.ace.utils.InstrumentedCache FilterByLabel stats (C-H-M-E-S-F): 10,000 - 9,994 - 10 - 0 - 1 - 0
22-11:07:20 21  INFO uk.ac.ed.inf.ace.utils.InstrumentedCache SiteBasedDataSet stats (C-H-M-E-S-F): 20,000 - 19,991 - 11 - 0 - 2 - 0
22-11:07:22 21  INFO uk.ac.ed.inf.ace.utils.InstrumentedCache Documents stats (C-H-M-E-S-F): 20,000 - 1,964 - 18,031 - 0 - 2,504 - 0
22-11:07:22 18  INFO uk.ac.ed.inf.ace.utils.InstrumentedCache FilterByLabel stats (C-H-M-E-S-F): 20,000 - 19,990 - 10 - 0 - 1 - 0
22-11:07:25 16  INFO uk.ac.ed.inf.ace.utils.InstrumentedCache SiteBasedDataSet stats (C-H-M-E-S-F): 30,000 - 29,991 - 11 - 0 - 2 - 0
22-11:07:28 23  INFO uk.ac.ed.inf.ace.utils.InstrumentedCache Documents stats (C-H-M-E-S-F): 30,000 - 2,890 - 27,105 - 0 - 3,750 - 0
22-11:07:28 17  INFO uk.ac.ed.inf.ace.utils.InstrumentedCache FilterByLabel stats (C-H-M-E-S-F): 30,000 - 29,990 - 10 - 0 - 1 - 0
22-11:07:29 15  INFO uk.ac.ed.inf.ace.utils.InstrumentedCache SiteBasedDataSet stats (C-H-M-E-S-F): 40,000 - 39,990 - 11 - 0 - 2 - 0
22-11:07:32 18  INFO uk.ac.ed.inf.ace.utils.InstrumentedCache Documents stats (C-H-M-E-S-F): 40,000 - 3,959 - 36,038 - 0 - 4,988 - 0
22-11:07:32 22  INFO uk.ac.ed.inf.ace.utils.InstrumentedCache FilterByLabel stats (C-H-M-E-S-F): 40,000 - 39,994 - 10 - 0 - 1 - 0
22-11:07:32 19  INFO uk.ac.ed.inf.ace.utils.InstrumentedCache SiteBasedDataSet stats (C-H-M-E-S-F): 50,000 - 49,991 - 11 - 0 - 2 - 0
22-11:07:35 20  INFO uk.ac.ed.inf.ace.utils.InstrumentedCache SiteBasedDataSet stats (C-H-M-E-S-F): 60,000 - 59,989 - 11 - 0 - 2 - 0
22-11:07:36 23  INFO uk.ac.ed.inf.ace.utils.InstrumentedCache FilterByLabel stats (C-H-M-E-S-F): 50,000 - 49,991 - 10 - 0 - 1 - 0
22-11:07:36 16  INFO uk.ac.ed.inf.ace.utils.InstrumentedCache Documents stats (C-H-M-E-S-F): 50,000 - 5,029 - 44,966 - 0 - 6,233 - 0
22-11:07:38 17  INFO uk.ac.ed.inf.ace.utils.InstrumentedCache SiteBasedDataSet stats (C-H-M-E-S-F): 70,000 - 69,993 - 11 - 0 - 2 - 0
22-11:07:39 21  INFO uk.ac.ed.inf.ace.utils.InstrumentedCache Documents stats (C-H-M-E-S-F): 60,000 - 6,130 - 53,865 - 0 - 7,486 - 0
22-11:07:39 20  INFO uk.ac.ed.inf.ace.utils.InstrumentedCache FilterByLabel stats (C-H-M-E-S-F): 60,000 - 59,992 - 10 - 0 - 1 - 0
22-11:07:40 16  INFO uk.ac.ed.inf.ace.utils.InstrumentedCache SiteBasedDataSet stats (C-H-M-E-S-F): 80,000 - 79,991 - 11 - 0 - 2 - 0
22-11:07:42 17  INFO uk.ac.ed.inf.ace.utils.InstrumentedCache Documents stats (C-H-M-E-S-F): 70,000 - 7,206 - 62,790 - 0 - 8,749 - 0
22-11:07:42 19  INFO uk.ac.ed.inf.ace.utils.InstrumentedCache FilterByLabel stats (C-H-M-E-S-F): 70,000 - 69,990 - 10 - 0 - 1 - 0
22-11:07:42 17  INFO uk.ac.ed.inf.ace.utils.InstrumentedCache SiteBasedDataSet stats (C-H-M-E-S-F): 90,000 - 89,996 - 11 - 0 - 2 - 0
22-11:07:44 16  INFO uk.ac.ed.inf.ace.utils.InstrumentedCache Engine stats (C-H-M-E-S-F): 10,000 - 9,990 - 10 - 0 - 10 - 0
22-11:07:44 22  INFO uk.ac.ed.inf.ace.utils.InstrumentedCache SiteBasedDataSet stats (C-H-M-E-S-F): 100,000 - 99,991 - 11 - 0 - 2 - 0
22-11:07:44 22  INFO uk.ac.ed.inf.ace.utils.InstrumentedCache Documents stats (C-H-M-E-S-F): 80,000 - 8,270 - 71,724 - 0 - 9,999 - 0
22-11:07:44 20  INFO uk.ac.ed.inf.ace.utils.InstrumentedCache Documents stats (C-H-M-E-S-F): 10,000 - 9,999 - 1 - 0 - 1 - 0
22-11:07:44 20  INFO uk.ac.ed.inf.ace.utils.InstrumentedCache FilterByLabel stats (C-H-M-E-S-F): 80,000 - 79,992 - 10 - 0 - 1 - 0
22-11:07:45 20  INFO uk.ac.ed.inf.ace.utils.InstrumentedCache SiteBasedDataSet stats (C-H-M-E-S-F): 110,000 - 109,990 - 11 - 0 - 2 - 0
22-11:08:18 23  INFO uk.ac.ed.inf.ace.utils.InstrumentedCache Documents stats (C-H-M-E-S-F): 90,000 - 10,842 - 79,158 - 0 - 11,032 - 0
22-11:08:18 19  INFO uk.ac.ed.inf.ace.utils.InstrumentedCache FilterByLabel stats (C-H-M-E-S-F): 90,000 - 89,990 - 10 - 0 - 1 - 0
22-11:08:18 19  INFO uk.ac.ed.inf.ace.utils.InstrumentedCache SiteBasedDataSet stats (C-H-M-E-S-F): 120,000 - 119,989 - 11 - 0 - 2 - 0
22-11:08:18 19  INFO uk.ac.ed.inf.ace.utils.InstrumentedCache SiteBasedDataSet stats (C-H-M-E-S-F): 130,000 - 129,992 - 11 - 0 - 2 - 0
22-11:08:18 23  INFO uk.ac.ed.inf.ace.Experiment Completed experiment FixedLDA-Programmers-QuestionOnly-LDA-LTR-MD-TooLocalized-F1
22-11:08:18 23  INFO uk.ac.ed.inf.ace.Experiment Starting experiment FixedLDA-Programmers-QuestionOnly-LDA-LTR-MD-OffTopic-F2
22-11:08:18 20  INFO uk.ac.ed.inf.ace.utils.InstrumentedCache SiteBasedDataSet stats (C-H-M-E-S-F): 140,000 - 139,990 - 11 - 0 - 2 - 0
22-11:08:18 19  INFO uk.ac.ed.inf.ace.Experiment Completed experiment FixedLDA-Programmers-QuestionOnly-LDA-LTR-MD-MultiClass-F0
22-11:08:18 19  INFO uk.ac.ed.inf.ace.Experiment Starting experiment FixedLDA-Programmers-QuestionOnly-LDA-LTR-MD-NotConstructive-F2
22-11:08:19 19  INFO uk.ac.ed.inf.ace.utils.InstrumentedCache Documents stats (C-H-M-E-S-F): 100,000 - 20,843 - 79,158 - 0 - 11,032 - 0
22-11:08:19 23  INFO uk.ac.ed.inf.ace.utils.InstrumentedCache FilterByLabel stats (C-H-M-E-S-F): 100,000 - 99,990 - 10 - 0 - 1 - 0
22-11:08:19 23  INFO uk.ac.ed.inf.ace.utils.InstrumentedCache SiteBasedDataSet stats (C-H-M-E-S-F): 150,000 - 149,991 - 11 - 0 - 2 - 0
22-11:08:19 19  INFO uk.ac.ed.inf.ace.utils.InstrumentedCache SiteBasedDataSet stats (C-H-M-E-S-F): 160,000 - 159,989 - 11 - 0 - 2 - 0
22-11:08:19 20  INFO uk.ac.ed.inf.ace.Experiment Completed experiment FixedLDA-Programmers-QuestionOnly-LDA-LTR-MD-OffTopic-F1
22-11:08:19 20  INFO uk.ac.ed.inf.ace.Experiment Starting experiment FixedLDA-Programmers-QuestionOnly-LDA-LTR-MD-NotARealQuestion-F2
22-11:08:19 20  INFO uk.ac.ed.inf.ace.utils.InstrumentedCache FilterByLabel stats (C-H-M-E-S-F): 110,000 - 109,990 - 10 - 0 - 1 - 0
22-11:08:19 19  INFO uk.ac.ed.inf.ace.utils.InstrumentedCache Documents stats (C-H-M-E-S-F): 110,000 - 30,843 - 79,158 - 0 - 11,032 - 0
22-11:08:19 20  INFO uk.ac.ed.inf.ace.utils.InstrumentedCache SiteBasedDataSet stats (C-H-M-E-S-F): 170,000 - 169,989 - 11 - 0 - 2 - 0
22-11:08:19 20  INFO uk.ac.ed.inf.ace.utils.InstrumentedCache Documents stats (C-H-M-E-S-F): 120,000 - 40,842 - 79,158 - 0 - 11,032 - 0
22-11:08:19 20  INFO uk.ac.ed.inf.ace.utils.InstrumentedCache FilterByLabel stats (C-H-M-E-S-F): 120,000 - 119,990 - 10 - 0 - 1 - 0
22-11:08:19 15  INFO uk.ac.ed.inf.ace.utils.InstrumentedCache SiteBasedDataSet stats (C-H-M-E-S-F): 180,000 - 179,989 - 11 - 0 - 2 - 0
22-11:08:19 15  INFO uk.ac.ed.inf.ace.Experiment Completed experiment FixedLDA-Programmers-QuestionOnly-LDA-LTR-MD-OffTopic-F0
22-11:08:19 15  INFO uk.ac.ed.inf.ace.Experiment Starting experiment FixedLDA-Programmers-QuestionOnly-LDA-LTR-MD-TooLocalized-F2
22-11:08:20 15  INFO uk.ac.ed.inf.ace.utils.InstrumentedCache SiteBasedDataSet stats (C-H-M-E-S-F): 190,000 - 189,989 - 11 - 0 - 2 - 0
22-11:08:20 15  INFO uk.ac.ed.inf.ace.utils.InstrumentedCache Documents stats (C-H-M-E-S-F): 130,000 - 50,842 - 79,158 - 0 - 11,032 - 0
22-11:08:20 15  INFO uk.ac.ed.inf.ace.utils.InstrumentedCache FilterByLabel stats (C-H-M-E-S-F): 130,000 - 129,990 - 10 - 0 - 1 - 0
22-11:08:20 21  INFO uk.ac.ed.inf.ace.utils.InstrumentedCache SiteBasedDataSet stats (C-H-M-E-S-F): 200,000 - 199,989 - 11 - 0 - 2 - 0
22-11:08:21 22  INFO uk.ac.ed.inf.ace.utils.InstrumentedCache SiteBasedDataSet stats (C-H-M-E-S-F): 210,000 - 209,989 - 11 - 0 - 2 - 0
22-11:08:21 21  INFO uk.ac.ed.inf.ace.Experiment Completed experiment FixedLDA-Programmers-QuestionOnly-LDA-LTR-MD-NotConstructive-F1
22-11:08:21 21  INFO uk.ac.ed.inf.ace.Experiment Starting experiment FixedLDA-Programmers-QuestionOnly-LDA-LTR-MD-MultiClass-F2
22-11:08:21 21  INFO uk.ac.ed.inf.ace.utils.InstrumentedCache Documents stats (C-H-M-E-S-F): 140,000 - 60,842 - 79,158 - 0 - 11,032 - 0
22-11:08:21 22  INFO uk.ac.ed.inf.ace.utils.InstrumentedCache FilterByLabel stats (C-H-M-E-S-F): 140,000 - 139,990 - 10 - 0 - 1 - 0
22-11:08:21 22  INFO uk.ac.ed.inf.ace.utils.InstrumentedCache SiteBasedDataSet stats (C-H-M-E-S-F): 220,000 - 219,989 - 11 - 0 - 2 - 0
22-11:08:21 22  INFO uk.ac.ed.inf.ace.utils.InstrumentedCache SiteBasedDataSet stats (C-H-M-E-S-F): 230,000 - 229,989 - 11 - 0 - 2 - 0
22-11:08:21 22  INFO uk.ac.ed.inf.ace.Experiment Completed experiment FixedLDA-Programmers-QuestionOnly-LDA-LTR-MD-NotARealQuestion-F1
22-11:08:21 22  INFO uk.ac.ed.inf.ace.Experiment Starting experiment FixedLDA-Programmers-QuestionOnly-LDA-LTR-MD-OffTopic-F3
22-11:08:21 16  INFO uk.ac.ed.inf.ace.utils.InstrumentedCache FilterByLabel stats (C-H-M-E-S-F): 150,000 - 149,990 - 10 - 0 - 1 - 0
22-11:08:21 22  INFO uk.ac.ed.inf.ace.utils.InstrumentedCache Documents stats (C-H-M-E-S-F): 150,000 - 70,842 - 79,158 - 0 - 11,032 - 0
22-11:08:21 16  INFO uk.ac.ed.inf.ace.utils.InstrumentedCache SiteBasedDataSet stats (C-H-M-E-S-F): 240,000 - 239,991 - 11 - 0 - 2 - 0
22-11:08:21 16  INFO uk.ac.ed.inf.ace.utils.InstrumentedCache SiteBasedDataSet stats (C-H-M-E-S-F): 250,000 - 249,989 - 11 - 0 - 2 - 0
22-11:08:22 16  INFO uk.ac.ed.inf.ace.Experiment Completed experiment FixedLDA-Programmers-QuestionOnly-LDA-LTR-MD-NotConstructive-F0
22-11:08:22 16  INFO uk.ac.ed.inf.ace.Experiment Starting experiment FixedLDA-Programmers-QuestionOnly-LDA-LTR-MD-NotConstructive-F3
22-11:08:22 16  INFO uk.ac.ed.inf.ace.utils.InstrumentedCache Documents stats (C-H-M-E-S-F): 160,000 - 80,842 - 79,158 - 0 - 11,032 - 0
22-11:08:22 16  INFO uk.ac.ed.inf.ace.utils.InstrumentedCache FilterByLabel stats (C-H-M-E-S-F): 160,000 - 159,990 - 10 - 0 - 1 - 0
22-11:08:22 16  INFO uk.ac.ed.inf.ace.utils.InstrumentedCache SiteBasedDataSet stats (C-H-M-E-S-F): 260,000 - 259,989 - 11 - 0 - 2 - 0
22-11:08:22 24  INFO uk.ac.ed.inf.ace.utils.InstrumentedCache SiteBasedDataSet stats (C-H-M-E-S-F): 270,000 - 269,989 - 11 - 0 - 2 - 0
22-11:08:23 24  INFO uk.ac.ed.inf.ace.Experiment Completed experiment FixedLDA-Programmers-QuestionOnly-LDA-LTR-MD-MultiClass-F1
22-11:08:23 24  INFO uk.ac.ed.inf.ace.Experiment Starting experiment FixedLDA-Programmers-QuestionOnly-LDA-LTR-MD-NotARealQuestion-F3
22-11:08:23 24  INFO uk.ac.ed.inf.ace.utils.InstrumentedCache Documents stats (C-H-M-E-S-F): 170,000 - 90,842 - 79,158 - 0 - 11,032 - 0
22-11:08:23 24  INFO uk.ac.ed.inf.ace.utils.InstrumentedCache FilterByLabel stats (C-H-M-E-S-F): 170,000 - 169,990 - 10 - 0 - 1 - 0
22-11:08:23 24  INFO uk.ac.ed.inf.ace.utils.InstrumentedCache SiteBasedDataSet stats (C-H-M-E-S-F): 280,000 - 279,989 - 11 - 0 - 2 - 0
22-11:08:24 17  INFO uk.ac.ed.inf.ace.utils.InstrumentedCache SiteBasedDataSet stats (C-H-M-E-S-F): 290,000 - 289,989 - 11 - 0 - 2 - 0
22-11:08:25 17  INFO uk.ac.ed.inf.ace.Experiment Completed experiment FixedLDA-Programmers-QuestionOnly-LDA-LTR-MD-NotARealQuestion-F0
22-11:08:25 17  INFO uk.ac.ed.inf.ace.Experiment Starting experiment FixedLDA-Programmers-QuestionOnly-LDA-LTR-MD-TooLocalized-F3
22-11:08:25 17  INFO uk.ac.ed.inf.ace.utils.InstrumentedCache Documents stats (C-H-M-E-S-F): 180,000 - 100,842 - 79,158 - 0 - 11,032 - 0
22-11:08:25 17  INFO uk.ac.ed.inf.ace.utils.InstrumentedCache FilterByLabel stats (C-H-M-E-S-F): 180,000 - 179,990 - 10 - 0 - 1 - 0
22-11:08:25 17  INFO uk.ac.ed.inf.ace.utils.InstrumentedCache SiteBasedDataSet stats (C-H-M-E-S-F): 300,000 - 299,989 - 11 - 0 - 2 - 0
22-11:08:28 18  INFO uk.ac.ed.inf.ace.utils.InstrumentedCache SiteBasedDataSet stats (C-H-M-E-S-F): 310,000 - 309,989 - 11 - 0 - 2 - 0
22-11:08:29 18  INFO uk.ac.ed.inf.ace.Experiment Completed experiment FixedLDA-Programmers-QuestionOnly-LDA-LTR-MD-TooLocalized-F0
22-11:08:29 18  INFO uk.ac.ed.inf.ace.Experiment Starting experiment FixedLDA-Programmers-QuestionOnly-LDA-LTR-MD-MultiClass-F3
22-11:08:29 18  INFO uk.ac.ed.inf.ace.utils.InstrumentedCache SiteBasedDataSet stats (C-H-M-E-S-F): 320,000 - 319,989 - 11 - 0 - 2 - 0
22-11:08:30 18  INFO uk.ac.ed.inf.ace.utils.InstrumentedCache Documents stats (C-H-M-E-S-F): 190,000 - 110,842 - 79,158 - 0 - 11,032 - 0
22-11:08:30 18  INFO uk.ac.ed.inf.ace.utils.InstrumentedCache FilterByLabel stats (C-H-M-E-S-F): 190,000 - 189,990 - 10 - 0 - 1 - 0
22-11:08:30 18  INFO uk.ac.ed.inf.ace.utils.InstrumentedCache SiteBasedDataSet stats (C-H-M-E-S-F): 330,000 - 329,989 - 11 - 0 - 2 - 0
22-11:08:52 20  INFO uk.ac.ed.inf.ace.utils.InstrumentedCache Documents stats (C-H-M-E-S-F): 200,000 - 120,842 - 79,158 - 0 - 11,032 - 0
22-11:08:52 22  INFO uk.ac.ed.inf.ace.utils.InstrumentedCache FilterByLabel stats (C-H-M-E-S-F): 200,000 - 199,990 - 10 - 0 - 1 - 0
22-11:08:52 22  INFO uk.ac.ed.inf.ace.utils.InstrumentedCache SiteBasedDataSet stats (C-H-M-E-S-F): 340,000 - 339,989 - 11 - 0 - 2 - 0
22-11:08:52 22  INFO uk.ac.ed.inf.ace.utils.InstrumentedCache SiteBasedDataSet stats (C-H-M-E-S-F): 350,000 - 349,989 - 11 - 0 - 2 - 0
22-11:08:52 20  INFO uk.ac.ed.inf.ace.Experiment Completed experiment FixedLDA-Programmers-QuestionOnly-LDA-LTR-MD-NotARealQuestion-F2
22-11:08:52 20  INFO uk.ac.ed.inf.ace.Experiment Starting experiment FixedLDA-Programmers-QuestionOnly-LDA-LTR-MD-OffTopic-F4
22-11:08:52 20  INFO uk.ac.ed.inf.ace.utils.InstrumentedCache SiteBasedDataSet stats (C-H-M-E-S-F): 360,000 - 359,989 - 11 - 0 - 2 - 0
22-11:08:52 17  INFO uk.ac.ed.inf.ace.utils.InstrumentedCache SiteBasedDataSet stats (C-H-M-E-S-F): 370,000 - 369,994 - 11 - 0 - 2 - 0
22-11:08:52 20  INFO uk.ac.ed.inf.ace.utils.InstrumentedCache Documents stats (C-H-M-E-S-F): 210,000 - 130,842 - 79,158 - 0 - 11,032 - 0
22-11:08:52 21  INFO uk.ac.ed.inf.ace.utils.InstrumentedCache FilterByLabel stats (C-H-M-E-S-F): 210,000 - 209,990 - 10 - 0 - 1 - 0
22-11:08:52 20  INFO uk.ac.ed.inf.ace.utils.InstrumentedCache SiteBasedDataSet stats (C-H-M-E-S-F): 380,000 - 379,989 - 11 - 0 - 2 - 0
22-11:08:52 17  INFO uk.ac.ed.inf.ace.Experiment Completed experiment FixedLDA-Programmers-QuestionOnly-LDA-LTR-MD-TooLocalized-F3
22-11:08:52 17  INFO uk.ac.ed.inf.ace.Experiment Starting experiment FixedLDA-Programmers-QuestionOnly-LDA-LTR-MD-NotConstructive-F4
22-11:08:52 22  INFO uk.ac.ed.inf.ace.Experiment Completed experiment FixedLDA-Programmers-QuestionOnly-LDA-LTR-MD-OffTopic-F3
22-11:08:52 22  INFO uk.ac.ed.inf.ace.Experiment Starting experiment FixedLDA-Programmers-QuestionOnly-LDA-LTR-MD-NotARealQuestion-F4
22-11:08:53 22  INFO uk.ac.ed.inf.ace.utils.InstrumentedCache SiteBasedDataSet stats (C-H-M-E-S-F): 390,000 - 389,991 - 11 - 0 - 2 - 0
22-11:08:53 22  INFO uk.ac.ed.inf.ace.utils.InstrumentedCache FilterByLabel stats (C-H-M-E-S-F): 220,000 - 219,991 - 10 - 0 - 1 - 0
22-11:08:53 17  INFO uk.ac.ed.inf.ace.utils.InstrumentedCache Documents stats (C-H-M-E-S-F): 220,000 - 140,843 - 79,158 - 0 - 11,032 - 0
22-11:08:53 16  INFO uk.ac.ed.inf.ace.Experiment Completed experiment FixedLDA-Programmers-QuestionOnly-LDA-LTR-MD-NotConstructive-F3
22-11:08:53 16  INFO uk.ac.ed.inf.ace.Experiment Starting experiment FixedLDA-Programmers-QuestionOnly-LDA-LTR-MD-TooLocalized-F4
22-11:08:53 16  INFO uk.ac.ed.inf.ace.utils.InstrumentedCache SiteBasedDataSet stats (C-H-M-E-S-F): 400,000 - 399,994 - 11 - 0 - 2 - 0
22-11:08:53 17  INFO uk.ac.ed.inf.ace.utils.InstrumentedCache FilterByLabel stats (C-H-M-E-S-F): 230,000 - 229,990 - 10 - 0 - 1 - 0
22-11:08:53 16  INFO uk.ac.ed.inf.ace.utils.InstrumentedCache Documents stats (C-H-M-E-S-F): 230,000 - 150,843 - 79,158 - 0 - 11,032 - 0
22-11:08:53 16  INFO uk.ac.ed.inf.ace.utils.InstrumentedCache SiteBasedDataSet stats (C-H-M-E-S-F): 410,000 - 409,990 - 11 - 0 - 2 - 0
22-11:08:53 16  INFO uk.ac.ed.inf.ace.utils.InstrumentedCache SiteBasedDataSet stats (C-H-M-E-S-F): 420,000 - 419,990 - 11 - 0 - 2 - 0
22-11:08:53 22  INFO uk.ac.ed.inf.ace.utils.InstrumentedCache Documents stats (C-H-M-E-S-F): 240,000 - 160,843 - 79,158 - 0 - 11,032 - 0
22-11:08:53 16  INFO uk.ac.ed.inf.ace.utils.InstrumentedCache FilterByLabel stats (C-H-M-E-S-F): 240,000 - 239,990 - 10 - 0 - 1 - 0
22-11:08:53 21  INFO uk.ac.ed.inf.ace.utils.InstrumentedCache SiteBasedDataSet stats (C-H-M-E-S-F): 430,000 - 429,989 - 11 - 0 - 2 - 0
22-11:08:53 21  INFO uk.ac.ed.inf.ace.Experiment Completed experiment FixedLDA-Programmers-QuestionOnly-LDA-LTR-MD-MultiClass-F2
22-11:08:53 21  INFO uk.ac.ed.inf.ace.Experiment Starting experiment FixedLDA-Programmers-QuestionOnly-LDA-LTR-MD-MultiClass-F4
22-11:08:54 21  INFO uk.ac.ed.inf.ace.utils.InstrumentedCache Documents stats (C-H-M-E-S-F): 250,000 - 170,842 - 79,158 - 0 - 11,032 - 0
22-11:08:54 21  INFO uk.ac.ed.inf.ace.utils.InstrumentedCache FilterByLabel stats (C-H-M-E-S-F): 250,000 - 249,990 - 10 - 0 - 1 - 0
22-11:08:54 21  INFO uk.ac.ed.inf.ace.utils.InstrumentedCache SiteBasedDataSet stats (C-H-M-E-S-F): 440,000 - 439,989 - 11 - 0 - 2 - 0
22-11:08:55 15  INFO uk.ac.ed.inf.ace.utils.InstrumentedCache SiteBasedDataSet stats (C-H-M-E-S-F): 450,000 - 449,993 - 11 - 0 - 2 - 0
22-11:08:55 19  INFO uk.ac.ed.inf.ace.utils.InstrumentedCache SiteBasedDataSet stats (C-H-M-E-S-F): 460,000 - 459,989 - 11 - 0 - 2 - 0
22-11:08:55 15  INFO uk.ac.ed.inf.ace.Experiment Completed experiment FixedLDA-Programmers-QuestionOnly-LDA-LTR-MD-TooLocalized-F2
22-11:08:55 19  INFO uk.ac.ed.inf.ace.Experiment Completed experiment FixedLDA-Programmers-QuestionOnly-LDA-LTR-MD-NotConstructive-F2
22-11:08:56 23  INFO uk.ac.ed.inf.ace.utils.InstrumentedCache SiteBasedDataSet stats (C-H-M-E-S-F): 470,000 - 469,989 - 11 - 0 - 2 - 0
22-11:08:56 23  INFO uk.ac.ed.inf.ace.utils.InstrumentedCache Documents stats (C-H-M-E-S-F): 260,000 - 180,842 - 79,158 - 0 - 11,032 - 0
22-11:08:56 23  INFO uk.ac.ed.inf.ace.utils.InstrumentedCache FilterByLabel stats (C-H-M-E-S-F): 260,000 - 259,990 - 10 - 0 - 1 - 0
22-11:08:56 23  INFO uk.ac.ed.inf.ace.Experiment Completed experiment FixedLDA-Programmers-QuestionOnly-LDA-LTR-MD-OffTopic-F2
22-11:08:59 24  INFO uk.ac.ed.inf.ace.utils.InstrumentedCache SiteBasedDataSet stats (C-H-M-E-S-F): 480,000 - 479,989 - 11 - 0 - 2 - 0
22-11:08:59 24  INFO uk.ac.ed.inf.ace.Experiment Completed experiment FixedLDA-Programmers-QuestionOnly-LDA-LTR-MD-NotARealQuestion-F3
22-11:09:03 18  INFO uk.ac.ed.inf.ace.utils.InstrumentedCache SiteBasedDataSet stats (C-H-M-E-S-F): 490,000 - 489,989 - 11 - 0 - 2 - 0
22-11:09:03 18  INFO uk.ac.ed.inf.ace.Experiment Completed experiment FixedLDA-Programmers-QuestionOnly-LDA-LTR-MD-MultiClass-F3
22-11:09:16 17  INFO uk.ac.ed.inf.ace.utils.InstrumentedCache SiteBasedDataSet stats (C-H-M-E-S-F): 500,000 - 499,989 - 11 - 0 - 2 - 0
22-11:09:16 20  INFO uk.ac.ed.inf.ace.utils.InstrumentedCache SiteBasedDataSet stats (C-H-M-E-S-F): 510,000 - 509,989 - 11 - 0 - 2 - 0
22-11:09:16 17  INFO uk.ac.ed.inf.ace.Experiment Completed experiment FixedLDA-Programmers-QuestionOnly-LDA-LTR-MD-NotConstructive-F4
22-11:09:16 20  INFO uk.ac.ed.inf.ace.Experiment Completed experiment FixedLDA-Programmers-QuestionOnly-LDA-LTR-MD-OffTopic-F4
22-11:09:16 22  INFO uk.ac.ed.inf.ace.utils.InstrumentedCache SiteBasedDataSet stats (C-H-M-E-S-F): 520,000 - 519,989 - 11 - 0 - 2 - 0
22-11:09:16 22  INFO uk.ac.ed.inf.ace.utils.InstrumentedCache Documents stats (C-H-M-E-S-F): 270,000 - 190,842 - 79,158 - 0 - 11,032 - 0
22-11:09:16 22  INFO uk.ac.ed.inf.ace.utils.InstrumentedCache FilterByLabel stats (C-H-M-E-S-F): 270,000 - 269,990 - 10 - 0 - 1 - 0
22-11:09:16 22  INFO uk.ac.ed.inf.ace.utils.InstrumentedCache SiteBasedDataSet stats (C-H-M-E-S-F): 530,000 - 529,989 - 11 - 0 - 2 - 0
22-11:09:16 22  INFO uk.ac.ed.inf.ace.Experiment Completed experiment FixedLDA-Programmers-QuestionOnly-LDA-LTR-MD-NotARealQuestion-F4
22-11:09:16 16  INFO uk.ac.ed.inf.ace.utils.InstrumentedCache SiteBasedDataSet stats (C-H-M-E-S-F): 540,000 - 539,989 - 11 - 0 - 2 - 0
22-11:09:16 16  INFO uk.ac.ed.inf.ace.Experiment Completed experiment FixedLDA-Programmers-QuestionOnly-LDA-LTR-MD-TooLocalized-F4
22-11:09:17 21  INFO uk.ac.ed.inf.ace.utils.InstrumentedCache SiteBasedDataSet stats (C-H-M-E-S-F): 550,000 - 549,989 - 11 - 0 - 2 - 0
22-11:09:17 21  INFO uk.ac.ed.inf.ace.Experiment Completed experiment FixedLDA-Programmers-QuestionOnly-LDA-LTR-MD-MultiClass-F4
22-11:09:17 13  INFO uk.ac.ed.inf.ace.MainThread All programmes completed
22-11:09:49 01  INFO uk.ac.ed.inf.ace.Ace Quitting
